[FATAL]: A test message: 3.140000
[ERROR]: A test message: 3.140000
[WARN]:  A test message: 3.140000
[INFO]:  A test message: 3.140000
[DEBUG]: A test message: 3.140000
[TRACE]: A test message: 3.140000
[INFO]:  Input subsystem initialized.
[DEBUG]: Window resize: 1280, 720
[WARN]:  renderer backend does not exist to accept resize: 1280 720
[DEBUG]: Required extensions:
[DEBUG]: VK_KHR_surface
[DEBUG]: VK_KHR_win32_surface
[DEBUG]: VK_EXT_debug_utils
[INFO]:  Validation layers enabled. Enumerating...
[INFO]:  Searching for layer: VK_LAYER_KHRONOS_validation...
[INFO]:  Found.
[INFO]:  All required validation layers are present.
[INFO]:  Vulkan Instance created.
[DEBUG]: Creating Vulkan debugger...
[DEBUG]: Vulkan debugger created.
[DEBUG]: Creating Vulkan surface...
[DEBUG]: Vulkan surface created.
[INFO]:  Graphics | Present | Compute | Transfer | Name
[INFO]:         1 |       1 |       1 |        1 | NVIDIA GeForce GTX 1060
[INFO]:  Device meets queue requirements.
[TRACE]: Graphics Family Index: 0
[TRACE]: Present Family Index:  2
[TRACE]: Transfer Family Index: 1
[TRACE]: Compute Family Index:  2
[INFO]:  Selected device: 'NVIDIA GeForce GTX 1060'.
[INFO]:  GPU type is Descrete.
[INFO]:  GPU Driver version: 512.60.0
[INFO]:  Vulkan API version: 1.3.194
[INFO]:  Local GPU memory: 5.91 GiB
[INFO]:  Shared System memory: 7.98 GiB
[INFO]:  Local GPU memory: 0.21 GiB
[INFO]:  Physical device selected.
[INFO]:  Creating logical device...
[INFO]:  Loading layer library C:\VulkanSDK\1.2.182.0\Bin\.\VkLayer_khronos_validation.dll
[INFO]:  Inserted device layer VK_LAYER_KHRONOS_validation (C:\VulkanSDK\1.2.182.0\Bin\.\VkLayer_khronos_validation.dll)
[INFO]:  Loading layer library C:\WINDOWS\System32\DriverStore\FileRepository\nvhmig.inf_amd64_715167e770b0a27c\.\nvoglv64.dll
[INFO]:  Inserted device layer VK_LAYER_NV_optimus (C:\WINDOWS\System32\DriverStore\FileRepository\nvhmig.inf_amd64_715167e770b0a27c\.\nvoglv64.dll)
[INFO]:  Logical device created.
[INFO]:  Queues obtained.
[INFO]:  Graphics command pool created.
[INFO]:  Swapchain created successfully.
[DEBUG]: Vulkan command buffers created.
[DEBUG]: Graphics pipeline created!
[INFO]:  Vulkan renderer initialized successfully.
[DEBUG]: game_initialize() called!
[INFO]:  System memory use (tagged):
  UNKNOWN    : 0.00B
  ARRAY      : 0.00B
  LINEAR_ALLC: 0.00B
  DARRAY     : 7.80KiB
  DICT       : 0.00B
  RING_QUEUE : 0.00B
  BST        : 0.00B
  STRING     : 2.05KiB
  APPLICATION: 0.00B
  JOB        : 0.00B
  TEXTURE    : 0.00B
  MAT_INST   : 0.00B
  RENDERER   : 136.00B
  GAME       : 0.00B
  TRANSFORM  : 0.00B
  ENTITY     : 0.00B
  ENTITY_NODE: 0.00B
  SCENE      : 0.00B

[INFO]:  EVENT_CODE_APPLICATION_QUIT recieved, shutting down.

[DEBUG]: Destroying Vulkan device...
[INFO]:  Destroying command pools...
[INFO]:  Destroying logical device...
[INFO]:  Unloading layer library C:\WINDOWS\System32\DriverStore\FileRepository\nvhmig.inf_amd64_715167e770b0a27c\.\nvoglv64.dll
[INFO]:  Unloading layer library C:\VulkanSDK\1.2.182.0\Bin\.\VkLayer_khronos_validation.dll
[INFO]:  Releasing physical device resources...
[DEBUG]: Destroying Vulkan surface...
[DEBUG]: Destroying Vulkan debugger...
[DEBUG]: Destroying Vulkan instance...
